<?xml version="1.0" encoding="UTF-8"?>
<testng-results skipped="0" failed="0" ignored="0" total="1" passed="1">
  <reporter-output>
  </reporter-output>
  <suite name="Default suite" duration-ms="12103" started-at="2019-12-29T16:48:19Z" finished-at="2019-12-29T16:48:31Z">
    <groups>
    </groups>
    <test name="Default test" duration-ms="12103" started-at="2019-12-29T16:48:19Z" finished-at="2019-12-29T16:48:31Z">
      <class name="com.testcases.TC_003_LoginPageAttributesValidationTestCases">
        <test-method status="PASS" signature="testcaseGSM02()[pri:0, instance:com.testcases.TC_003_LoginPageAttributesValidationTestCases@54d9d12d]" name="testcaseGSM02" duration-ms="12080" started-at="2019-12-29T22:18:19Z" finished-at="2019-12-29T22:18:31Z">
          <reporter-output>
          </reporter-output>
        </test-method> <!-- testcaseGSM02 -->
      </class> <!-- com.testcases.TC_003_LoginPageAttributesValidationTestCases -->
    </test> <!-- Default test -->
  </suite> <!-- Default suite -->
</testng-results>
